# JRE version: Java(TM) SE Runtime Environment (8.0_191-b12) (build 1.8.0_191-b12)
# Java VM: Java HotSpot(TM) 64-Bit Server VM (25.191-b12 mixed mode linux-amd64 compressed oops)
Heap:
 PSYoungGen      total 18432K, used 10733K [0x00000000ebf00000, 0x00000000ed380000, 0x0000000100000000)
  eden space 15872K, 67% used [0x00000000ebf00000,0x00000000ec97b408,0x00000000ece80000)
  from space 2560K, 0% used [0x00000000ed100000,0x00000000ed100000,0x00000000ed380000)
  to   space 2560K, 0% used [0x00000000ece80000,0x00000000ece80000,0x00000000ed100000)
 ParOldGen       total 31232K, used 4956K [0x00000000c3c00000, 0x00000000c5a80000, 0x00000000ebf00000)
  object space 31232K, 15% used [0x00000000c3c00000,0x00000000c40d7360,0x00000000c5a80000)
 Metaspace       used 23540K, capacity 23916K, committed 24320K, reserved 1071104K
  class space    used 2950K, capacity 3064K, committed 3072K, reserved 1048576K
GC Heap History (6 events):
Event: 0,955 GC heap before
{Heap before GC invocations=1 (full 0):
 PSYoungGen      total 18432K, used 15872K [0x00000000ebf00000, 0x00000000ed380000, 0x0000000100000000)
  eden space 15872K, 100% used [0x00000000ebf00000,0x00000000ece80000,0x00000000ece80000)
  from space 2560K, 0% used [0x00000000ed100000,0x00000000ed100000,0x00000000ed380000)
  to   space 2560K, 0% used [0x00000000ece80000,0x00000000ece80000,0x00000000ed100000)
 ParOldGen       total 42496K, used 0K [0x00000000c3c00000, 0x00000000c6580000, 0x00000000ebf00000)
  object space 42496K, 0% used [0x00000000c3c00000,0x00000000c3c00000,0x00000000c6580000)
 Metaspace       used 16842K, capacity 17154K, committed 17408K, reserved 1064960K
  class space    used 2167K, capacity 2259K, committed 2304K, reserved 1048576K
Event: 0,965 GC heap after
Heap after GC invocations=1 (full 0):
 PSYoungGen      total 18432K, used 2544K [0x00000000ebf00000, 0x00000000ed380000, 0x0000000100000000)
  eden space 15872K, 0% used [0x00000000ebf00000,0x00000000ebf00000,0x00000000ece80000)
  from space 2560K, 99% used [0x00000000ece80000,0x00000000ed0fc010,0x00000000ed100000)
  to   space 2560K, 0% used [0x00000000ed100000,0x00000000ed100000,0x00000000ed380000)
 ParOldGen       total 42496K, used 1472K [0x00000000c3c00000, 0x00000000c6580000, 0x00000000ebf00000)
  object space 42496K, 3% used [0x00000000c3c00000,0x00000000c3d703f0,0x00000000c6580000)
 Metaspace       used 16842K, capacity 17154K, committed 17408K, reserved 1064960K
  class space    used 2167K, capacity 2259K, committed 2304K, reserved 1048576K
}
Event: 13,584 GC heap before
{Heap before GC invocations=2 (full 0):
 PSYoungGen      total 18432K, used 12855K [0x00000000ebf00000, 0x00000000ed380000, 0x0000000100000000)
  eden space 15872K, 64% used [0x00000000ebf00000,0x00000000ec911c38,0x00000000ece80000)
  from space 2560K, 99% used [0x00000000ece80000,0x00000000ed0fc010,0x00000000ed100000)
  to   space 2560K, 0% used [0x00000000ed100000,0x00000000ed100000,0x00000000ed380000)
 ParOldGen       total 42496K, used 1472K [0x00000000c3c00000, 0x00000000c6580000, 0x00000000ebf00000)
  object space 42496K, 3% used [0x00000000c3c00000,0x00000000c3d703f0,0x00000000c6580000)
 Metaspace       used 20726K, capacity 21018K, committed 21248K, reserved 1067008K
  class space    used 2626K, capacity 2723K, committed 2816K, reserved 1048576K
Event: 13,595 GC heap after
Heap after GC invocations=2 (full 0):
 PSYoungGen      total 18432K, used 2528K [0x00000000ebf00000, 0x00000000ed380000, 0x0000000100000000)
  eden space 15872K, 0% used [0x00000000ebf00000,0x00000000ebf00000,0x00000000ece80000)
  from space 2560K, 98% used [0x00000000ed100000,0x00000000ed378020,0x00000000ed380000)
  to   space 2560K, 0% used [0x00000000ece80000,0x00000000ece80000,0x00000000ed100000)
 ParOldGen       total 42496K, used 3526K [0x00000000c3c00000, 0x00000000c6580000, 0x00000000ebf00000)
  object space 42496K, 8% used [0x00000000c3c00000,0x00000000c3f71860,0x00000000c6580000)
 Metaspace       used 20726K, capacity 21018K, committed 21248K, reserved 1067008K
  class space    used 2626K, capacity 2723K, committed 2816K, reserved 1048576K
}
Event: 13,595 GC heap before
{Heap before GC invocations=3 (full 1):
 PSYoungGen      total 18432K, used 2528K [0x00000000ebf00000, 0x00000000ed380000, 0x0000000100000000)
  eden space 15872K, 0% used [0x00000000ebf00000,0x00000000ebf00000,0x00000000ece80000)
  from space 2560K, 98% used [0x00000000ed100000,0x00000000ed378020,0x00000000ed380000)
  to   space 2560K, 0% used [0x00000000ece80000,0x00000000ece80000,0x00000000ed100000)
 ParOldGen       total 42496K, used 3526K [0x00000000c3c00000, 0x00000000c6580000, 0x00000000ebf00000)
  object space 42496K, 8% used [0x00000000c3c00000,0x00000000c3f71860,0x00000000c6580000)
 Metaspace       used 20726K, capacity 21018K, committed 21248K, reserved 1067008K
  class space    used 2626K, capacity 2723K, committed 2816K, reserved 1048576K
Event: 13,674 GC heap after
Heap after GC invocations=3 (full 1):
 PSYoungGen      total 18432K, used 0K [0x00000000ebf00000, 0x00000000ed380000, 0x0000000100000000)
  eden space 15872K, 0% used [0x00000000ebf00000,0x00000000ebf00000,0x00000000ece80000)
  from space 2560K, 0% used [0x00000000ed100000,0x00000000ed100000,0x00000000ed380000)
  to   space 2560K, 0% used [0x00000000ece80000,0x00000000ece80000,0x00000000ed100000)
 ParOldGen       total 31232K, used 4956K [0x00000000c3c00000, 0x00000000c5a80000, 0x00000000ebf00000)
  object space 31232K, 15% used [0x00000000c3c00000,0x00000000c40d7360,0x00000000c5a80000)
 Metaspace       used 20726K, capacity 21018K, committed 21248K, reserved 1067008K
  class space    used 2626K, capacity 2723K, committed 2816K, reserved 1048576K
}

