# JRE version: Java(TM) SE Runtime Environment (8.0_191-b12) (build 1.8.0_191-b12)
# Java VM: Java HotSpot(TM) 64-Bit Server VM (25.191-b12 mixed mode linux-amd64 compressed oops)
Heap:
 PSYoungGen      total 18432K, used 11637K [0x00000000ebf00000, 0x00000000ee300000, 0x0000000100000000)
  eden space 15872K, 73% used [0x00000000ebf00000,0x00000000eca5d7e0,0x00000000ece80000)
  from space 2560K, 0% used [0x00000000ee080000,0x00000000ee080000,0x00000000ee300000)
  to   space 2560K, 0% used [0x00000000ece80000,0x00000000ece80000,0x00000000ed100000)
 ParOldGen       total 23040K, used 4772K [0x00000000c3c00000, 0x00000000c5280000, 0x00000000ebf00000)
  object space 23040K, 20% used [0x00000000c3c00000,0x00000000c40a9330,0x00000000c5280000)
 Metaspace       used 23912K, capacity 24296K, committed 24576K, reserved 1071104K
  class space    used 2949K, capacity 3064K, committed 3072K, reserved 1048576K
GC Heap History (6 events):
Event: 0,921 GC heap before
{Heap before GC invocations=1 (full 0):
 PSYoungGen      total 18432K, used 15872K [0x00000000ebf00000, 0x00000000ed380000, 0x0000000100000000)
  eden space 15872K, 100% used [0x00000000ebf00000,0x00000000ece80000,0x00000000ece80000)
  from space 2560K, 0% used [0x00000000ed100000,0x00000000ed100000,0x00000000ed380000)
  to   space 2560K, 0% used [0x00000000ece80000,0x00000000ece80000,0x00000000ed100000)
 ParOldGen       total 42496K, used 0K [0x00000000c3c00000, 0x00000000c6580000, 0x00000000ebf00000)
  object space 42496K, 0% used [0x00000000c3c00000,0x00000000c3c00000,0x00000000c6580000)
 Metaspace       used 16827K, capacity 17150K, committed 17408K, reserved 1064960K
  class space    used 2167K, capacity 2259K, committed 2304K, reserved 1048576K
Event: 0,934 GC heap after
Heap after GC invocations=1 (full 0):
 PSYoungGen      total 18432K, used 2544K [0x00000000ebf00000, 0x00000000ee300000, 0x0000000100000000)
  eden space 15872K, 0% used [0x00000000ebf00000,0x00000000ebf00000,0x00000000ece80000)
  from space 2560K, 99% used [0x00000000ece80000,0x00000000ed0fc030,0x00000000ed100000)
  to   space 2560K, 0% used [0x00000000ee080000,0x00000000ee080000,0x00000000ee300000)
 ParOldGen       total 42496K, used 1465K [0x00000000c3c00000, 0x00000000c6580000, 0x00000000ebf00000)
  object space 42496K, 3% used [0x00000000c3c00000,0x00000000c3d6e728,0x00000000c6580000)
 Metaspace       used 16827K, capacity 17150K, committed 17408K, reserved 1064960K
  class space    used 2167K, capacity 2259K, committed 2304K, reserved 1048576K
}
Event: 27,978 GC heap before
{Heap before GC invocations=2 (full 0):
 PSYoungGen      total 18432K, used 16996K [0x00000000ebf00000, 0x00000000ee300000, 0x0000000100000000)
  eden space 15872K, 91% used [0x00000000ebf00000,0x00000000ecd1d218,0x00000000ece80000)
  from space 2560K, 99% used [0x00000000ece80000,0x00000000ed0fc030,0x00000000ed100000)
  to   space 2560K, 0% used [0x00000000ee080000,0x00000000ee080000,0x00000000ee300000)
 ParOldGen       total 42496K, used 1465K [0x00000000c3c00000, 0x00000000c6580000, 0x00000000ebf00000)
  object space 42496K, 3% used [0x00000000c3c00000,0x00000000c3d6e728,0x00000000c6580000)
 Metaspace       used 20740K, capacity 21078K, committed 21296K, reserved 1069056K
  class space    used 2575K, capacity 2659K, committed 2688K, reserved 1048576K
Event: 27,991 GC heap after
Heap after GC invocations=2 (full 0):
 PSYoungGen      total 18432K, used 2528K [0x00000000ebf00000, 0x00000000ee300000, 0x0000000100000000)
  eden space 15872K, 0% used [0x00000000ebf00000,0x00000000ebf00000,0x00000000ece80000)
  from space 2560K, 98% used [0x00000000ee080000,0x00000000ee2f8020,0x00000000ee300000)
  to   space 2560K, 0% used [0x00000000ece80000,0x00000000ece80000,0x00000000ed100000)
 ParOldGen       total 42496K, used 3409K [0x00000000c3c00000, 0x00000000c6580000, 0x00000000ebf00000)
  object space 42496K, 8% used [0x00000000c3c00000,0x00000000c3f54618,0x00000000c6580000)
 Metaspace       used 20740K, capacity 21078K, committed 21296K, reserved 1069056K
  class space    used 2575K, capacity 2659K, committed 2688K, reserved 1048576K
}
Event: 27,991 GC heap before
{Heap before GC invocations=3 (full 1):
 PSYoungGen      total 18432K, used 2528K [0x00000000ebf00000, 0x00000000ee300000, 0x0000000100000000)
  eden space 15872K, 0% used [0x00000000ebf00000,0x00000000ebf00000,0x00000000ece80000)
  from space 2560K, 98% used [0x00000000ee080000,0x00000000ee2f8020,0x00000000ee300000)
  to   space 2560K, 0% used [0x00000000ece80000,0x00000000ece80000,0x00000000ed100000)
 ParOldGen       total 42496K, used 3409K [0x00000000c3c00000, 0x00000000c6580000, 0x00000000ebf00000)
  object space 42496K, 8% used [0x00000000c3c00000,0x00000000c3f54618,0x00000000c6580000)
 Metaspace       used 20740K, capacity 21078K, committed 21296K, reserved 1069056K
  class space    used 2575K, capacity 2659K, committed 2688K, reserved 1048576K
Event: 28,039 GC heap after
Heap after GC invocations=3 (full 1):
 PSYoungGen      total 18432K, used 0K [0x00000000ebf00000, 0x00000000ee300000, 0x0000000100000000)
  eden space 15872K, 0% used [0x00000000ebf00000,0x00000000ebf00000,0x00000000ece80000)
  from space 2560K, 0% used [0x00000000ee080000,0x00000000ee080000,0x00000000ee300000)
  to   space 2560K, 0% used [0x00000000ece80000,0x00000000ece80000,0x00000000ed100000)
 ParOldGen       total 23040K, used 4772K [0x00000000c3c00000, 0x00000000c5280000, 0x00000000ebf00000)
  object space 23040K, 20% used [0x00000000c3c00000,0x00000000c40a9330,0x00000000c5280000)
 Metaspace       used 20740K, capacity 21078K, committed 21296K, reserved 1069056K
  class space    used 2575K, capacity 2659K, committed 2688K, reserved 1048576K
}

